2025-11-28 20:10:30,914 - INFO - 正在从云端获取或刷新任务配置...
2025-11-28 20:10:30,930 - INFO - 成功加载并缓存了任务 'yidaruanjian' 的配置。
2025-11-28 20:10:30,931 - INFO - 检测到服务器端的紧急备份请求！
2025-11-28 20:10:30,931 - INFO - 开始为任务ID: 535d76e3-8413-482e-9a04-fa68c5987b80 执行紧急备份
2025-11-28 20:10:30,932 - INFO - 开始备份: [数据库: yidaruanjian] -> 文件: yidaruanjianyidaruanjian_20251128_201030_EMERGENCY.bak
2025-11-28 20:10:31,450 - INFO - 备份成功: yidaruanjianyidaruanjian_20251128_201030_EMERGENCY.bak
2025-11-28 20:10:31,452 - INFO - 准备上传 yidaruanjian/yidaruanjianyidaruanjian_20251128_201030_EMERGENCY.bak 到存储桶 yidianjicheng-backeup
2025-11-28 20:10:35,317 - INFO - 成功上传 yidaruanjian/yidaruanjianyidaruanjian_20251128_201030_EMERGENCY.bak
2025-11-28 20:10:35,342 - INFO - 已通知服务器紧急备份完成。
2025-11-28 20:10:35,342 - INFO - 紧急备份任务 535d76e3-8413-482e-9a04-fa68c5987b80 执行完毕。
2025-11-28 20:10:50,371 - INFO - 云端状态正常 (异常)，无紧急任务。
2025-11-28 20:11:05,394 - INFO - 云端状态正常 (异常)，无紧急任务。
2025-11-28 20:11:20,427 - INFO - 云端状态正常 (异常)，无紧急任务。
2025-11-28 20:11:35,442 - INFO - 云端状态正常 (异常)，无紧急任务。
2025-11-28 20:11:50,470 - INFO - 云端状态正常 (异常)，无紧急任务。
2025-11-28 20:12:05,497 - INFO - 云端状态正常 (异常)，无紧急任务。
2025-11-28 20:12:20,508 - INFO - 云端状态正常 (异常)，无紧急任务。
2025-11-28 20:12:35,527 - INFO - 云端状态正常 (异常)，无紧急任务。
2025-11-28 20:12:50,536 - INFO - 云端状态正常 (异常)，无紧急任务。
2025-11-28 20:13:05,551 - INFO - 检测到服务器端的紧急备份请求！
2025-11-28 20:13:05,551 - INFO - 开始为任务ID: 535d76e3-8413-482e-9a04-fa68c5987b80 执行紧急备份
2025-11-28 20:13:05,551 - INFO - 开始备份: [数据库: yidaruanjian] -> 文件: yidaruanjianyidaruanjian_20251128_201305_EMERGENCY.bak
2025-11-28 20:13:06,028 - INFO - 备份成功: yidaruanjianyidaruanjian_20251128_201305_EMERGENCY.bak
2025-11-28 20:13:06,029 - INFO - 准备上传 yidaruanjian/yidaruanjianyidaruanjian_20251128_201305_EMERGENCY.bak 到存储桶 yidianjicheng-backeup
2025-11-28 20:13:09,712 - INFO - 成功上传 yidaruanjian/yidaruanjianyidaruanjian_20251128_201305_EMERGENCY.bak
2025-11-28 20:13:09,741 - INFO - 已通知服务器紧急备份完成。
2025-11-28 20:13:09,741 - INFO - 紧急备份任务 535d76e3-8413-482e-9a04-fa68c5987b80 执行完毕。
2025-11-28 20:13:24,769 - INFO - 云端状态正常 (异常)，无紧急任务。
2025-11-28 20:13:39,799 - INFO - 云端状态正常 (异常)，无紧急任务。
2025-11-28 20:13:54,813 - INFO - 云端状态正常 (异常)，无紧急任务。
2025-11-28 20:14:09,820 - INFO - 云端状态正常 (异常)，无紧急任务。
2025-11-28 20:14:24,842 - INFO - 云端状态正常 (异常)，无紧急任务。
2025-11-28 20:14:41,134 - INFO - 正在从云端获取或刷新任务配置...
2025-11-28 20:14:41,160 - INFO - 成功加载并缓存了任务 'yidaruanjian' 的配置。
2025-11-28 20:14:41,160 - INFO - 云端状态正常 (异常)，无紧急任务。
2025-11-28 20:14:56,195 - INFO - 检测到服务器端的紧急备份请求！
2025-11-28 20:14:56,196 - INFO - 开始为任务ID: 535d76e3-8413-482e-9a04-fa68c5987b80 执行紧急备份
2025-11-28 20:14:56,196 - INFO - 开始备份: [数据库: yidaruanjian] -> 文件: yidaruanjian_20251128_201456_EMERGENCY.bak
2025-11-28 20:14:56,680 - INFO - 备份成功: yidaruanjian_20251128_201456_EMERGENCY.bak
2025-11-28 20:14:56,682 - INFO - 准备上传 yidaruanjian/yidaruanjian_20251128_201456_EMERGENCY.bak 到存储桶 yidianjicheng-backeup
2025-11-28 20:15:00,817 - INFO - 成功上传 yidaruanjian/yidaruanjian_20251128_201456_EMERGENCY.bak
2025-11-28 20:15:00,842 - INFO - 已通知服务器紧急备份完成。
2025-11-28 20:15:00,842 - INFO - 紧急备份任务 535d76e3-8413-482e-9a04-fa68c5987b80 执行完毕。
2025-11-28 20:15:15,861 - INFO - 云端状态正常 (异常)，无紧急任务。
2025-11-28 20:15:30,876 - INFO - 云端状态正常 (异常)，无紧急任务。
2025-11-28 20:15:45,895 - INFO - 云端状态正常 (异常)，无紧急任务。
2025-11-28 20:16:00,917 - INFO - 云端状态正常 (异常)，无紧急任务。
2025-11-28 20:16:15,924 - INFO - 云端状态正常 (异常)，无紧急任务。
2025-11-28 20:16:30,933 - INFO - 云端状态正常 (异常)，无紧急任务。
2025-11-28 20:16:45,960 - INFO - 云端状态正常 (异常)，无紧急任务。
2025-11-28 20:17:00,970 - INFO - 云端状态正常 (异常)，无紧急任务。
2025-11-28 20:17:18,037 - WARNING - 网络错误：无法连接到服务器检查状态。将等待下一个周期。
2025-11-28 20:17:33,058 - INFO - 云端状态正常 (异常)，无紧急任务。
2025-11-28 20:17:48,074 - INFO - 云端状态正常 (异常)，无紧急任务。
2025-11-28 20:18:03,097 - INFO - 云端状态正常 (异常)，无紧急任务。
2025-11-28 20:18:18,118 - INFO - 云端状态正常 (异常)，无紧急任务。
2025-11-28 20:18:33,142 - INFO - 云端状态正常 (异常)，无紧急任务。
2025-11-28 20:18:48,147 - INFO - 云端状态正常 (异常)，无紧急任务。
2025-11-28 20:19:03,172 - INFO - 云端状态正常 (异常)，无紧急任务。
2025-11-28 20:19:18,194 - INFO - 云端状态正常 (异常)，无紧急任务。
2025-11-28 20:19:33,225 - INFO - 云端状态正常 (异常)，无紧急任务。
2025-11-28 20:19:48,231 - INFO - 云端状态正常 (异常)，无紧急任务。
2025-11-28 20:20:03,251 - INFO - 云端状态正常 (异常)，无紧急任务。
2025-11-28 20:20:18,270 - INFO - 云端状态正常 (异常)，无紧急任务。
2025-11-28 20:20:33,294 - INFO - 云端状态正常 (异常)，无紧急任务。
2025-11-28 20:20:48,328 - INFO - 云端状态正常 (异常)，无紧急任务。
2025-11-28 20:21:03,333 - INFO - 云端状态正常 (异常)，无紧急任务。
2025-11-28 20:21:18,353 - INFO - 云端状态正常 (异常)，无紧急任务。
2025-11-28 20:21:33,359 - INFO - 云端状态正常 (异常)，无紧急任务。
2025-11-28 20:21:48,370 - INFO - 云端状态正常 (异常)，无紧急任务。
2025-11-28 20:22:03,394 - INFO - 云端状态正常 (异常)，无紧急任务。
2025-11-28 20:22:18,413 - INFO - 云端状态正常 (异常)，无紧急任务。
2025-11-28 20:22:33,438 - INFO - 云端状态正常 (异常)，无紧急任务。
2025-11-28 20:22:48,455 - INFO - 云端状态正常 (异常)，无紧急任务。
2025-11-28 20:23:03,476 - INFO - 云端状态正常 (异常)，无紧急任务。
2025-11-28 20:23:18,481 - INFO - 云端状态正常 (异常)，无紧急任务。
2025-11-28 20:23:33,512 - INFO - 云端状态正常 (异常)，无紧急任务。
2025-11-28 20:23:48,545 - INFO - 云端状态正常 (异常)，无紧急任务。
2025-11-28 20:24:03,555 - INFO - 云端状态正常 (异常)，无紧急任务。
2025-11-28 20:24:18,585 - INFO - 云端状态正常 (异常)，无紧急任务。
2025-11-28 20:24:33,603 - INFO - 云端状态正常 (异常)，无紧急任务。
2025-11-28 20:24:48,636 - INFO - 云端状态正常 (异常)，无紧急任务。
2025-11-28 20:25:03,652 - INFO - 云端状态正常 (异常)，无紧急任务。
2025-11-28 20:25:18,664 - INFO - 云端状态正常 (异常)，无紧急任务。
2025-11-28 20:25:33,687 - INFO - 云端状态正常 (异常)，无紧急任务。
2025-11-28 20:25:48,713 - INFO - 云端状态正常 (异常)，无紧急任务。
2025-11-28 20:26:03,719 - INFO - 云端状态正常 (异常)，无紧急任务。
2025-11-28 20:26:18,728 - INFO - 云端状态正常 (异常)，无紧急任务。
2025-11-28 20:26:33,751 - INFO - 云端状态正常 (异常)，无紧急任务。
2025-11-28 20:26:48,779 - INFO - 云端状态正常 (异常)，无紧急任务。
2025-11-28 20:27:05,833 - WARNING - 网络错误：无法连接到服务器检查状态。将等待下一个周期。
2025-11-28 20:27:22,889 - WARNING - 网络错误：无法连接到服务器检查状态。将等待下一个周期。
2025-11-28 20:27:39,940 - WARNING - 网络错误：无法连接到服务器检查状态。将等待下一个周期。
2025-11-28 20:27:57,003 - WARNING - 网络错误：无法连接到服务器检查状态。将等待下一个周期。
2025-11-28 20:28:14,019 - WARNING - 网络错误：无法连接到服务器检查状态。将等待下一个周期。
2025-11-28 20:28:31,055 - WARNING - 网络错误：无法连接到服务器检查状态。将等待下一个周期。
2025-11-28 20:28:46,084 - INFO - 云端状态正常 (异常)，无紧急任务。
2025-11-28 20:29:01,093 - INFO - 云端状态正常 (异常)，无紧急任务。
2025-11-28 20:29:16,102 - INFO - 云端状态正常 (异常)，无紧急任务。
2025-11-28 20:29:31,121 - INFO - 云端状态正常 (异常)，无紧急任务。
2025-11-28 20:29:46,135 - INFO - 云端状态正常 (异常)，无紧急任务。
2025-11-28 20:30:01,166 - INFO - 云端状态正常 (异常)，无紧急任务。
